<?xml version="1.0" encoding="UTF-8"?>
<testsuite name="GameTest" tests="1" skipped="0" failures="0" errors="0" timestamp="2021-03-23T18:52:44" hostname="DESKTOP-2SHIUQK" time="0.177">
  <properties/>
  <testcase name="ReadFileOur()" classname="GameTest" time="0.177"/>
  <system-out><![CDATA[
0 3 0 0 0 4 0 0 0 0 
3 0 3 0 1 0 1 0 0 0 
0 3 0 1 0 0 0 0 0 0 
0 0 1 0 0 0 0 0 0 1 
0 1 0 0 0 0 0 0 0 2 
4 0 0 0 0 0 0 0 0 9 
0 1 0 0 0 0 0 1 0 0 
0 0 0 0 0 0 1 0 1 0 
0 0 0 0 0 0 0 1 0 1 
0 0 0 1 2 9 0 0 1 0 [0, 1, 1, 4, 88]
5
1
]]></system-out>
  <system-err><![CDATA[]]></system-err>
</testsuite>
